Running BrowserMob Proxy using LittleProxy implementation. To revert to the legacy implementation, run the proxy with the command-line option '--use-littleproxy false'.
WARNING: An illegal reflective access operation has occurred
WARNING: Illegal reflective access by com.google.inject.internal.cglib.core.$ReflectUtils$2 (file:/home/geco/PycharmProjects/Social_network_user_prediction/browsermob-proxy-2.1.4/lib/browsermob-dist-2.1.4.jar) to method java.lang.ClassLoader.defineClass(java.lang.String,byte[],int,int,java.security.ProtectionDomain)
WARNING: Please consider reporting this to the maintainers of com.google.inject.internal.cglib.core.$ReflectUtils$2
WARNING: Use --illegal-access=warn to enable warnings of further illegal reflective access operations
WARNING: All illegal access operations will be denied in a future release
[INFO  2019-12-10T10:08:34,365 net.lightbody.bmp.proxy.Main] (main) Starting BrowserMob Proxy version 2.1.4 
[INFO  2019-12-10T10:08:34,512 org.eclipse.jetty.util.log] (main) jetty-7.x.y-SNAPSHOT 
[INFO  2019-12-10T10:08:34,762 org.eclipse.jetty.util.log] (main) started o.e.j.s.ServletContextHandler{/,null} 
[WARN  2019-12-10T10:08:35,509 org.eclipse.jetty.util.log] (main) FAILED SelectChannelConnector@0.0.0.0:8080: java.net.BindException: Address already in use 
[WARN  2019-12-10T10:08:35,514 org.eclipse.jetty.util.log] (main) FAILED org.eclipse.jetty.server.Server@ceb4bd2: java.net.BindException: Address already in use 
[ERROR 2019-12-10T10:08:35,515 net.lightbody.bmp.proxy.Main] (main) Failed to start Jetty server. Aborting. java.net.BindException: Address already in use
	at sun.nio.ch.Net.bind0(Native Method) ~[?:?]
	at sun.nio.ch.Net.bind(Net.java:461) ~[?:?]
	at sun.nio.ch.Net.bind(Net.java:453) ~[?:?]
	at sun.nio.ch.ServerSocketChannelImpl.bind(ServerSocketChannelImpl.java:227) ~[?:?]
	at sun.nio.ch.ServerSocketAdaptor.bind(ServerSocketAdaptor.java:80) ~[?:?]
	at org.eclipse.jetty.server.nio.SelectChannelConnector.open(SelectChannelConnector.java:162) ~[browsermob-dist-2.1.4.jar:?]
	at org.eclipse.jetty.server.AbstractConnector.doStart(AbstractConnector.java:356) ~[browsermob-dist-2.1.4.jar:?]
	at org.eclipse.jetty.server.nio.SelectChannelConnector.doStart(SelectChannelConnector.java:240) ~[browsermob-dist-2.1.4.jar:?]
	at org.eclipse.jetty.util.component.AbstractLifeCycle.start(AbstractLifeCycle.java:55) ~[browsermob-dist-2.1.4.jar:?]
	at org.eclipse.jetty.server.Server.doStart(Server.java:269) ~[browsermob-dist-2.1.4.jar:?]
	at org.eclipse.jetty.util.component.AbstractLifeCycle.start(AbstractLifeCycle.java:55) ~[browsermob-dist-2.1.4.jar:?]
	at net.lightbody.bmp.proxy.Main.main(Main.java:64) [browsermob-dist-2.1.4.jar:?]

Exception in thread "main" net.lightbody.bmp.exception.JettyException: Unable to start Jetty server
	at net.lightbody.bmp.proxy.Main.main(Main.java:68)
Caused by: java.net.BindException: Address already in use
	at java.base/sun.nio.ch.Net.bind0(Native Method)
	at java.base/sun.nio.ch.Net.bind(Net.java:461)
	at java.base/sun.nio.ch.Net.bind(Net.java:453)
	at java.base/sun.nio.ch.ServerSocketChannelImpl.bind(ServerSocketChannelImpl.java:227)
	at java.base/sun.nio.ch.ServerSocketAdaptor.bind(ServerSocketAdaptor.java:80)
	at org.eclipse.jetty.server.nio.SelectChannelConnector.open(SelectChannelConnector.java:162)
	at org.eclipse.jetty.server.AbstractConnector.doStart(AbstractConnector.java:356)
	at org.eclipse.jetty.se[INFO  2019-12-10T10:08:47,515 org.littleshoot.proxy.impl.ClientToProxyConnection] (LittleProxy-2-ClientToProxyWorker-4) (AWAITING_INITIAL) [id: 0x0ec74e2d, L:/0:0:0:0:0:0:0:1:8083 - R:/0:0:0:0:0:0:0:1:59866]: Bad Host scontent.xx.fbcdn.net:443 
[INFO  2019-12-10T10:08:47,597 org.littleshoot.proxy.impl.ProxyToServerConnection] (LittleProxy-2-ProxyToServerWorker-4) (CONNECTING) [id: 0xb17d2846]: Connection to upstream server failed io.netty.channel.AbstractChannel$AnnotatedSocketException: Network is unreachable: www.facebook.com/185.60.218.35:443
	at sun.nio.ch.Net.connect0(Native Method) ~[?:?]
	at sun.nio.ch.Net.connect(Net.java:482) ~[?:?]
	at sun.nio.ch.Net.connect(Net.java:474) ~[?:?]
	at sun.nio.ch.SocketChannelImpl.connect(SocketChannelImpl.java:694) ~[?:?]
	at io.netty.channel.socket.nio.NioSocketChannel.doConnect(NioSocketChannel.java:331) ~[browsermob-dist-2.1.4.jar:?]
	at io.netty.channel.nio.AbstractNioChannel$AbstractNioUnsafe.connect(AbstractNioChannel.java:254) [browsermob-dist-2.1.4.jar:?]
	at io.netty.channel.DefaultChannelPipeline$HeadContext.connect(DefaultChannelPipeline.java:1266) [browsermob-dist-2.1.4.jar:?]
	at io.netty.channel.AbstractChannelHandlerContext.invokeConnect(AbstractChannelHandlerContext.java:556) [browsermob-dist-2.1.4.jar:?]
	at io.netty.channel.AbstractChannelHandlerContext.connect(AbstractChannelHandlerContext.java:541) [browsermob-dist-2.1.4.jar:?]
	at io.netty.channel.ChannelOutboundHandlerAdapter.connect(ChannelOutboundHandlerAdapter.java:47) [browsermob-dist-2.1.4.jar:?]
	at io.netty.channel.AbstractChannelHandlerContext.invokeConnect(AbstractChannelHandlerContext.java:556) [browsermob-dist-2.1.4.jar:?]
	at io.netty.channel.AbstractChannelHandlerContext.connect(AbstractChannelHandlerContext.java:541) [browsermob-dist-2.1.4.jar:?]
	at io.netty.channel.ChannelOutboundHandlerAdapter.connect(ChannelOutboundHandlerAdapter.java:47) [browsermob-dist-2.1.4.jar:?]
	at io.netty.channel.AbstractChannelHandlerContext.invokeConnect(AbstractChannelHandlerContext.java:556) [browsermob-dist-2.1.4.jar:?]
	at io.netty.channel.AbstractChannelHandlerContext.connect(AbstractChannelHandlerContext.java:541) [browsermob-dist-2.1.4.jar:?]
	at io.netty.channel.ChannelOutboundHandlerAdapter.connect(ChannelOutboundHandlerAdapter.java:47) [browsermob-dist-2.1.4.jar:?]
	at io.netty.channel.AbstractChannelHandlerContext.invokeConnect(AbstractChannelHandlerContext.java:556) [browsermob-dist-2.1.4.jar:?]
	at io.netty.channel.AbstractChannelHandlerContext.connect(AbstractChannelHandlerContext.java:541) [browsermob-dist-2.1.4.jar:?]
	at io.netty.channel.ChannelDuplexHandler.connect(ChannelDuplexHandler.java:50) [browsermob-dist-2.1.4.jar:?]
	at io.netty.channel.AbstractChannelHandlerContext.invokeConnect(AbstractChannelHandlerContext.java:556) [browsermob-dist-2.1.4.jar:?]
	at io.netty.channel.AbstractChannelHandlerContext.connect(AbstractChannelHandlerContext.java:541) [browsermob-dist-2.1.4.jar:?]
	at io.netty.channel.AbstractChannelHandlerContext.connect(AbstractChannelHandlerContext.java:523) [browsermob-dist-2.1.4.jar:?]
	at io.netty.channel.DefaultChannelPipeline.connect(DefaultChannelPipeline.java:985) [browsermob-dist-2.1.4.jar:?]
	at io.netty.channel.AbstractChannel.connect(AbstractChannel.java:255) [browsermob-dist-2.1.4.jar:?]
	at io.netty.bootstrap.Bootstrap$3.run(Bootstrap.java:252) [browsermob-dist-2.1.4.jar:?]
	at io.netty.util.concurrent.AbstractEventExecutor.safeExecute(AbstractEventExecutor.java:163) [browsermob-dist-2.1.4.jar:?]
	at io.netty.util.concurrent.SingleThreadEventExecutor.runAllTasks(SingleThreadEventExecutor.java:418) [browsermob-dist-2.1.4.jar:?]
	at io.netty.channel.nio.NioEventLoop.run(NioEventLoop.java:454) [browsermob-dist-2.1.4.jar:?]
	at io.netty.util.concurrent.SingleThreadEventExecutor$5.run(SingleThreadEventExecutor.java:873) [browsermob-dist-2.1.4.jar:?]
	at java.lang.Thread.run(Thread.java:834) [?:?]

[INFO  2019-12-10T10:08:48,946 org.littleshoot.proxy.impl.ProxyToServerConnection] (LittleProxy-2-ProxyToServerWorker-5) (CONNECTING) [id: 0x52200679]: Connection to upstream server failed io.netty.channel.AbstractChannel$AnnotatedSocketException: Network is unreachable: www.facebook.com/185.60.218.35:443
	at sun.nio.ch.Net.connect0(Native Method) ~[?:?]
	at sun.nio.ch.Net.connect(Net.java:482) ~[?:?]
	at sun.nio.ch.Net.connect(Net.java:474) ~[?:?]
	at sun.nio.ch.SocketChannelImpl.connect(SocketChannelImpl.java:694) ~[?:?]
	at io.netty.channel.socket.nio.NioSocketChannel.doConnect(NioSocketChannel.java:331) ~[browsermob-dist-2.1.4.jar:?]
	at io.netty.channel.nio.AbstractNioChannel$AbstractNioUnsafe.connect(AbstractNioChannel.java:254) [browsermob-dist-2.1.4.jar:?]
	at io.netty.channel.DefaultChannelPipeline$HeadContext.connect(DefaultChannelPipeline.java:1266) [browsermob-dist-2.1.4.jar:?]
	at io.netty.channel.AbstractChannelHandlerContext.invokeConnect(AbstractChannelHandlerContext.java:556) [browsermob-dist-2.1.4.jar:?]
	at io.netty.channel.AbstractChannelHandlerContext.connect(AbstractChannelHandlerContext.java:541) [browsermob-dist-2.1.4.jar:?]
	at io.netty.channel.ChannelOutboundHandlerAdapter.connect(ChannelOutboundHandlerAdapter.java:47) [browsermob-dist-2.1.4.jar:?]
	at io.netty.channel.AbstractChannelHandlerContext.invokeConnect(AbstractChannelHandlerContext.java:556) [browsermob-dist-2.1.4.jar:?]
	at io.netty.channel.AbstractChannelHandlerContext.connect(AbstractChannelHandlerContext.java:541) [browsermob-dist-2.1.4.jar:?]
	at io.netty.channel.ChannelOutboundHandlerAdapter.connect(ChannelOutboundHandlerAdapter.java:47) [browsermob-dist-2.1.4.jar:?]
	at io.netty.channel.AbstractChannelHandlerContext.invokeConnect(AbstractChannelHandlerContext.java:556) [browsermob-dist-2.1.4.jar:?]
	at io.netty.channel.AbstractChannelHandlerContext.connect(AbstractChannelHandlerContext.java:541) [browsermob-dist-2.1.4.jar:?]
	at io.netty.channel.ChannelOutboundHandlerAdapter.connect(ChannelOutboundHandlerAdapter.java:47) [browsermob-dist-2.1.4.jar:?]
	at io.netty.channel.AbstractChannelHandlerContext.invokeConnect(AbstractChannelHandlerContext.java:556) [browsermob-dist-2.1.4.jar:?]
	at io.netty.channel.AbstractChannelHandlerContext.connect(AbstractChannelHandlerContext.java:541) [browsermob-dist-2.1.4.jar:?]
	at io.netty.channel.ChannelDuplexHandler.connect(ChannelDuplexHandler.java:50) [browsermob-dist-2.1.4.jar:?]
	at io.netty.channel.AbstractChannelHandlerContext.invokeConnect(AbstractChannelHandlerContext.java:556) [browsermob-dist-2.1.4.jar:?]
	at io.netty.channel.AbstractChannelHandlerContext.connect(AbstractChannelHandlerContext.java:541) [browsermob-dist-2.1.4.jar:?]
	at io.netty.channel.AbstractChannelHandlerContext.connect(AbstractChannelHandlerContext.java:523) [browsermob-dist-2.1.4.jar:?]
	at io.netty.channel.DefaultChannelPipeline.connect(DefaultChannelPipeline.java:985) [browsermob-dist-2.1.4.jar:?]
	at io.netty.channel.AbstractChannel.connect(AbstractChannel.java:255) [browsermob-dist-2.1.4.jar:?]
	at io.netty.bootstrap.Bootstrap$3.run(Bootstrap.java:252) [browsermob-dist-2.1.4.jar:?]
	at io.netty.util.concurrent.AbstractEventExecutor.safeExecute(AbstractEventExecutor.java:163) [browsermob-dist-2.1.4.jar:?]
	at io.netty.util.concurrent.SingleThreadEventExecutor.runAllTasks(SingleThreadEventExecutor.java:418) [browsermob-dist-2.1.4.jar:?]
	at io.netty.channel.nio.NioEventLoop.run(NioEventLoop.java:454) [browsermob-dist-2.1.4.jar:?]
	at io.netty.util.concurrent.SingleThreadEventExecutor$5.run(SingleThreadEventExecutor.java:873) [browsermob-dist-2.1.4.jar:?]
	at java.lang.Thread.run(Thread.java:834) [?:?]

[INFO  2019-12-10T10:08:48,949 org.littleshoot.proxy.impl.ProxyToServerConnection] (LittleProxy-2-ProxyToServerWorker-6) (CONNECTING) [id: 0x5c572cee]: Connection to upstream server failed io.netty.channel.AbstractChannel$AnnotatedSocketException: Network is unreachable: www.facebook.com/185.60.218.35:443
	at sun.nio.ch.Net.connect0(Native Method) ~[?:?]
	at sun.nio.ch.Net.connect(Net.java:482) ~[?:?]
	at sun.nio.ch.Net.connect(Net.java:474) ~[?:?]
	at sun.nio.ch.SocketChannelImpl.connect(SocketChannelImpl.java:694) ~[?:?]
	at io.netty.channel.socket.nio.NioSocketChannel.doConnect(NioSocketChannel.java:331) ~[browsermob-dist-2.1.4.jar:?]
	at io.netty.channel.nio.AbstractNioChannel$AbstractNioUnsafe.connect(AbstractNioChannel.java:254) [browsermob-dist-2.1.4.jar:?]
	at io.netty.channel.DefaultChannelPipeline$HeadContext.connect(DefaultChannelPipeline.java:1266) [browsermob-dist-2.1.4.jar:?]
	at io.netty.channel.AbstractChannelHandlerContext.invokeConnect(AbstractChannelHandlerContext.java:556) [browsermob-dist-2.1.4.jar:?]
	at io.netty.channel.AbstractChannelHandlerContext.connect(AbstractChannelHandlerContext.java:541) [browsermob-dist-2.1.4.jar:?]
	at io.netty.channel.ChannelOutboundHandlerAdapter.connect(ChannelOutboundHandlerAdapter.java:47) [browsermob-dist-2.1.4.jar:?]
	at io.netty.channel.AbstractChannelHandlerContext.invokeConnect(AbstractChannelHandlerContext.java:556) [browsermob-dist-2.1.4.jar:?]
	at io.netty.channel.AbstractChannelHandlerContext.connect(AbstractChannelHandlerContext.java:541) [browsermob-dist-2.1.4.jar:?]
	at io.netty.channel.ChannelOutboundHandlerAdapter.connect(ChannelOutboundHandlerAdapter.java:47) [browsermob-dist-2.1.4.jar:?]
	at io.netty.channel.AbstractChannelHandlerContext.invokeConnect(AbstractChannelHandlerContext.java:556) [browsermob-dist-2.1.4.jar:?]
	at io.netty.channel.AbstractChannelHandlerContext.connect(AbstractChannelHandlerContext.java:541) [browsermob-dist-2.1.4.jar:?]
	at io.netty.channel.ChannelOutboundHandlerAdapter.connect(ChannelOutboundHandlerAdapter.java:47) [browsermob-dist-2.1.4.jar:?]
	at io.netty.channel.AbstractChannelHandlerContext.invokeConnect(AbstractChannelHandlerContext.java:556) [browsermob-dist-2.1.4.jar:?]
	at io.netty.channel.AbstractChannelHandlerContext.connect(AbstractChannelHandlerContext.java:541) [browsermob-dist-2.1.4.jar:?]
	at io.netty.channel.ChannelDuplexHandler.connect(ChannelDuplexHandler.java:50) [browsermob-dist-2.1.4.jar:?]
	at io.netty.channel.AbstractChannelHandlerContext.invokeConnect(AbstractChannelHandlerContext.java:556) [browsermob-dist-2.1.4.jar:?]
	at io.netty.channel.AbstractChannelHandlerContext.connect(AbstractChannelHandlerContext.java:541) [browsermob-dist-2.1.4.jar:?]
	at io.netty.channel.AbstractChannelHandlerContext.connect(AbstractChannelHandlerContext.java:523) [browsermob-dist-2.1.4.jar:?]
	at io.netty.channel.DefaultChannelPipeline.connect(DefaultChannelPipeline.java:985) [browsermob-dist-2.1.4.jar:?]
	at io.netty.channel.AbstractChannel.connect(AbstractChannel.java:255) [browsermob-dist-2.1.4.jar:?]
	at io.netty.bootstrap.Bootstrap$3.run(Bootstrap.java:252) [browsermob-dist-2.1.4.jar:?]
	at io.netty.util.concurrent.AbstractEventExecutor.safeExecute(AbstractEventExecutor.java:163) [browsermob-dist-2.1.4.jar:?]
	at io.netty.util.concurrent.SingleThreadEventExecutor.runAllTasks(SingleThreadEventExecutor.java:418) [browsermob-dist-2.1.4.jar:?]
	at io.netty.channel.nio.NioEventLoop.run(NioEventLoop.java:454) [browsermob-dist-2.1.4.jar:?]
	at io.netty.util.concurrent.SingleThreadEventExecutor$5.run(SingleThreadEventExecutor.java:873) [browsermob-dist-2.1.4.jar:?]
	at java.lang.Thread.run(Thread.java:834) [?:?]

[INFO  2019-12-10T10:08:49,042 org.littleshoot.proxy.impl.ProxyToServerConnection] (LittleProxy-2-ProxyToServerWorker-7) (CONNECTING) [id: 0x912b70e7]: Connection to upstream server failed io.netty.channel.AbstractChannel$AnnotatedSocketException: Network is unreachable: www.facebook.com/185.60.218.35:443
	at sun.nio.ch.Net.connect0(Native Method) ~[?:?]
	at sun.nio.ch.Net.connect(Net.java:482) ~[?:?]
	at sun.nio.ch.Net.connect(Net.java:474) ~[?:?]
	at sun.nio.ch.SocketChannelImpl.connect(SocketChannelImpl.java:694) ~[?:?]
	at io.netty.channel.socket.nio.NioSocketChannel.doConnect(NioSocketChannel.java:331) ~[browsermob-dist-2.1.4.jar:?]
	at io.netty.channel.nio.AbstractNioChannel$AbstractNioUnsafe.connect(AbstractNioChannel.java:254) [browsermob-dist-2.1.4.jar:?]
	at io.netty.channel.DefaultChannelPipeline$HeadContext.connect(DefaultChannelPipeline.java:1266) [browsermob-dist-2.1.4.jar:?]
	at io.netty.channel.AbstractChannelHandlerContext.invokeConnect(AbstractChannelHandlerContext.java:556) [browsermob-dist-2.1.4.jar:?]
	at io.netty.channel.AbstractChannelHandlerContext.connect(AbstractChannelHandlerContext.java:541) [browsermob-dist-2.1.4.jar:?]
	at io.netty.channel.ChannelOutboundHandlerAdapter.connect(ChannelOutboundHandlerAdapter.java:47) [browsermob-dist-2.1.4.jar:?]
	at io.netty.channel.AbstractChannelHandlerContext.invokeConnect(AbstractChannelHandlerContext.java:556) [browsermob-dist-2.1.4.jar:?]
	at io.netty.channel.AbstractChannelHandlerContext.connect(AbstractChannelHandlerContext.java:541) [browsermob-dist-2.1.4.jar:?]
	at io.netty.channel.ChannelOutboundHandlerAdapter.connect(ChannelOutboundHandlerAdapter.java:47) [browsermob-dist-2.1.4.jar:?]
	at io.netty.channel.AbstractChannelHandlerContext.invokeConnect(AbstractChannelHandlerContext.java:556) [browsermob-dist-2.1.4.jar:?]
	at io.netty.channel.AbstractChannelHandlerContext.connect(AbstractChannelHandlerContext.java:541) [browsermob-dist-2.1.4.jar:?]
	at io.netty.channel.ChannelOutboundHandlerAdapter.connect(ChannelOutboundHandlerAdapter.java:47) [browsermob-dist-2.1.4.jar:?]
	at io.netty.channel.AbstractChannelHandlerContext.invokeConnect(AbstractChannelHandlerContext.java:556) [browsermob-dist-2.1.4.jar:?]
	at io.netty.channel.AbstractChannelHandlerContext.connect(AbstractChannelHandlerContext.java:541) [browsermob-dist-2.1.4.jar:?]
	at io.netty.channel.ChannelDuplexHandler.connect(ChannelDuplexHandler.java:50) [browsermob-dist-2.1.4.jar:?]
	at io.netty.channel.AbstractChannelHandlerContext.invokeConnect(AbstractChannelHandlerContext.java:556) [browsermob-dist-2.1.4.jar:?]
	at io.netty.channel.AbstractChannelHandlerContext.connect(AbstractChannelHandlerContext.java:541) [browsermob-dist-2.1.4.jar:?]
	at io.netty.channel.AbstractChannelHandlerContext.connect(AbstractChannelHandlerContext.java:523) [browsermob-dist-2.1.4.jar:?]
	at io.netty.channel.DefaultChannelPipeline.connect(DefaultChannelPipeline.java:985) [browsermob-dist-2.1.4.jar:?]
	at io.netty.channel.AbstractChannel.connect(AbstractChannel.java:255) [browsermob-dist-2.1.4.jar:?]
	at io.netty.bootstrap.Bootstrap$3.run(Bootstrap.java:252) [browsermob-dist-2.1.4.jar:?]
	at io.netty.util.concurrent.AbstractEventExecutor.safeExecute(AbstractEventExecutor.java:163) [browsermob-dist-2.1.4.jar:?]
	at io.netty.util.concurrent.SingleThreadEventExecutor.runAllTasks(SingleThreadEventExecutor.java:418) [browsermob-dist-2.1.4.jar:?]
	at io.netty.channel.nio.NioEventLoop.run(NioEventLoop.java:454) [browsermob-dist-2.1.4.jar:?]
	at io.netty.util.concurrent.SingleThreadEventExecutor$5.run(SingleThreadEventExecutor.java:873) [browsermob-dist-2.1.4.jar:?]
	at java.lang.Thread.run(Thread.java:834) [?:?]

[INFO  2019-12-10T10:08:49,044 org.littleshoot.proxy.impl.ProxyToServerConnection] (LittleProxy-2-ProxyToServerWorker-0) (CONNECTING) [id: 0xb2946fe4]: Connection to upstream server failed io.netty.channel.AbstractChannel$AnnotatedSocketException: Network is unreachable: edge-chat.facebook.com/31.13.90.2:443
	at sun.nio.ch.Net.connect0(Native Method) ~[?:?]
	at sun.nio.ch.Net.connect(Net.java:482) ~[?:?]
	at sun.nio.ch.Net.connect(Net.java:474) ~[?:?]
	at sun.nio.ch.SocketChannelImpl.connect(SocketChannelImpl.java:694) ~[?:?]
	at io.netty.channel.socket.nio.NioSocketChannel.doConnect(NioSocketChannel.java:331) ~[browsermob-dist-2.1.4.jar:?]
	at io.netty.channel.nio.AbstractNioChannel$AbstractNioUnsafe.connect(AbstractNioChannel.java:254) [browsermob-dist-2.1.4.jar:?]
	at io.netty.channel.DefaultChannelPipeline$HeadContext.connect(DefaultChannelPipeline.java:1266) [browsermob-dist-2.1.4.jar:?]
	at io.netty.channel.AbstractChannelHandlerContext.invokeConnect(AbstractChannelHandlerContext.java:556) [browsermob-dist-2.1.4.jar:?]
	at io.netty.channel.AbstractChannelHandlerContext.connect(AbstractChannelHandlerContext.java:541) [browsermob-dist-2.1.4.jar:?]
	at io.netty.channel.ChannelOutboundHandlerAdapter.connect(ChannelOutboundHandlerAdapter.java:47) [browsermob-dist-2.1.4.jar:?]
	at io.netty.channel.AbstractChannelHandlerContext.invokeConnect(AbstractChannelHandlerContext.java:556) [browsermob-dist-2.1.4.jar:?]
	at io.netty.channel.AbstractChannelHandlerContext.connect(AbstractChannelHandlerContext.java:541) [browsermob-dist-2.1.4.jar:?]
	at io.netty.channel.ChannelOutboundHandlerAdapter.connect(ChannelOutboundHandlerAdapter.java:47) [browsermob-dist-2.1.4.jar:?]
	at io.netty.channel.AbstractChannelHandlerContext.invokeConnect(AbstractChannelHandlerContext.java:556) [browsermob-dist-2.1.4.jar:?]
	at io.netty.channel.AbstractChannelHandlerContext.connect(AbstractChannelHandlerContext.java:541) [browsermob-dist-2.1.4.jar:?]
	at io.netty.channel.ChannelOutboundHandlerAdapter.connect(ChannelOutboundHandlerAdapter.java:47) [browsermob-dist-2.1.4.jar:?]
	at io.netty.channel.AbstractChannelHandlerContext.invokeConnect(AbstractChannelHandlerContext.java:556) [browsermob-dist-2.1.4.jar:?]
	at io.netty.channel.AbstractChannelHandlerContext.connect(AbstractChannelHandlerContext.java:541) [browsermob-dist-2.1.4.jar:?]
	at io.netty.channel.ChannelDuplexHandler.connect(ChannelDuplexHandler.java:50) [browsermob-dist-2.1.4.jar:?]
	at io.netty.channel.AbstractChannelHandlerContext.invokeConnect(AbstractChannelHandlerContext.java:556) [browsermob-dist-2.1.4.jar:?]
	at io.netty.channel.AbstractChannelHandlerContext.connect(AbstractChannelHandlerContext.java:541) [browsermob-dist-2.1.4.jar:?]
	at io.netty.channel.AbstractChannelHandlerContext.connect(AbstractChannelHandlerContext.java:523) [browsermob-dist-2.1.4.jar:?]
	at io.netty.channel.DefaultChannelPipeline.connect(DefaultChannelPipeline.java:985) [browsermob-dist-2.1.4.jar:?]
	at io.netty.channel.AbstractChannel.connect(AbstractChannel.java:255) [browsermob-dist-2.1.4.jar:?]
	at io.netty.bootstrap.Bootstrap$3.run(Bootstrap.java:252) [browsermob-dist-2.1.4.jar:?]
	at io.netty.util.concurrent.AbstractEventExecutor.safeExecute(AbstractEventExecutor.java:163) [browsermob-dist-2.1.4.jar:?]
	at io.netty.util.concurrent.SingleThreadEventExecutor.runAllTasks(SingleThreadEventExecutor.java:418) [browsermob-dist-2.1.4.jar:?]
	at io.netty.channel.nio.NioEventLoop.run(NioEventLoop.java:454) [browsermob-dist-2.1.4.jar:?]
	at io.netty.util.concurrent.SingleThreadEventExecutor$5.run(SingleThreadEventExecutor.java:873) [browsermob-dist-2.1.4.jar:?]
	at java.lang.Thread.run(Thread.java:834) [?:?]

[INFO  2019-12-10T10:08:49,201 org.littleshoot.proxy.impl.ClientToProxyConnection] (LittleProxy-2-ClientToProxyWorker-2) (AWAITING_INITIAL) [id: 0xe1ad786d, L:/0:0:0:0:0:0:0:1:8083 - R:/0:0:0:0:0:0:0:1:59878]: Bad Host googleads.g.doubleclick.net:443 
[INFO  2019-12-10T10:08:49,449 org.littleshoot.proxy.impl.ProxyToServerConnection] (LittleProxy-2-ProxyToServerWorker-1) (CONNECTING) [id: 0x3aa51e4f]: Connection to upstream server failed io.netty.channel.AbstractChannel$AnnotatedSocketException: Network is unreachable: www.facebook.com/185.60.218.35:443
	at sun.nio.ch.Net.connect0(Native Method) ~[?:?]
	at sun.nio.ch.Net.connect(Net.java:482) ~[?:?]
	at sun.nio.ch.Net.connect(Net.java:474) ~[?:?]
	at sun.nio.ch.SocketChannelImpl.connect(SocketChannelImpl.java:694) ~[?:?]
	at io.netty.channel.socket.nio.NioSocketChannel.doConnect(NioSocketChannel.java:331) ~[browsermob-dist-2.1.4.jar:?]
	at io.netty.channel.nio.AbstractNioChannel$AbstractNioUnsafe.connect(AbstractNioChannel.java:254) [browsermob-dist-2.1.4.jar:?]
	at io.netty.channel.DefaultChannelPipeline$HeadContext.connect(DefaultChannelPipeline.java:1266) [browsermob-dist-2.1.4.jar:?]
	at io.netty.channel.AbstractChannelHandlerContext.invokeConnect(AbstractChannelHandlerContext.java:556) [browsermob-dist-2.1.4.jar:?]
	at io.netty.channel.AbstractChannelHandlerContext.connect(AbstractChannelHandlerContext.java:541) [browsermob-dist-2.1.4.jar:?]
	at io.netty.channel.ChannelOutboundHandlerAdapter.connect(ChannelOutboundHandlerAdapter.java:47) [browsermob-dist-2.1.4.jar:?]
	at io.netty.channel.AbstractChannelHandlerContext.invokeConnect(AbstractChannelHandlerContext.java:556) [browsermob-dist-2.1.4.jar:?]
	at io.netty.channel.AbstractChannelHandlerContext.connect(AbstractChannelHandlerContext.java:541) [browsermob-dist-2.1.4.jar:?]
	at io.netty.channel.ChannelOutboundHandlerAdapter.connect(ChannelOutboundHandlerAdapter.java:47) [browsermob-dist-2.1.4.jar:?]
	at io.netty.channel.AbstractChannelHandlerContext.invokeConnect(AbstractChannelHandlerContext.java:556) [browsermob-dist-2.1.4.jar:?]
	at io.netty.channel.AbstractChannelHandlerContext.connect(AbstractChannelHandlerContext.java:541) [browsermob-dist-2.1.4.jar:?]
	at io.netty.channel.ChannelOutboundHandlerAdapter.connect(ChannelOutboundHandlerAdapter.java:47) [browsermob-dist-2.1.4.jar:?]
	at io.netty.channel.AbstractChannelHandlerContext.invokeConnect(AbstractChannelHandlerContext.java:556) [browsermob-dist-2.1.4.jar:?]
	at io.netty.channel.AbstractChannelHandlerContext.connect(AbstractChannelHandlerContext.java:541) [browsermob-dist-2.1.4.jar:?]
	at io.netty.channel.ChannelDuplexHandler.connect(ChannelDuplexHandler.java:50) [browsermob-dist-2.1.4.jar:?]
	at io.netty.channel.AbstractChannelHandlerContext.invokeConnect(AbstractChannelHandlerContext.java:556) [browsermob-dist-2.1.4.jar:?]
	at io.netty.channel.AbstractChannelHandlerContext.connect(AbstractChannelHandlerContext.java:541) [browsermob-dist-2.1.4.jar:?]
	at io.netty.channel.AbstractChannelHandlerContext.connect(AbstractChannelHandlerContext.java:523) [browsermob-dist-2.1.4.jar:?]
	at io.netty.channel.DefaultChannelPipeline.connect(DefaultChannelPipeline.java:985) [browsermob-dist-2.1.4.jar:?]
	at io.netty.channel.AbstractChannel.connect(AbstractChannel.java:255) [browsermob-dist-2.1.4.jar:?]
	at io.netty.bootstrap.Bootstrap$3.run(Bootstrap.java:252) [browsermob-dist-2.1.4.jar:?]
	at io.netty.util.concurrent.AbstractEventExecutor.safeExecute(AbstractEventExecutor.java:163) [browsermob-dist-2.1.4.jar:?]
	at io.netty.util.concurrent.SingleThreadEventExecutor.runAllTasks(SingleThreadEventExecutor.java:418) [browsermob-dist-2.1.4.jar:?]
	at io.netty.channel.nio.NioEventLoop.run(NioEventLoop.java:454) [browsermob-dist-2.1.4.jar:?]
	at io.netty.util.concurrent.SingleThreadEventExecutor$5.run(SingleThreadEventExecutor.java:873) [browsermob-dist-2.1.4.jar:?]
	at java.lang.Thread.run(Thread.java:834) [?:?]

[INFO  2019-12-10T10:08:51,296 org.littleshoot.proxy.impl.ProxyToServerConnection] (LittleProxy-2-ProxyToServerWorker-2) (CONNECTING) [id: 0x3fdf639e]: Connection to upstream server failed io.netty.channel.AbstractChannel$AnnotatedSocketException: Network is unreachable: edge-chat.facebook.com/31.13.90.2:443
	at sun.nio.ch.Net.connect0(Native Method) ~[?:?]
	at sun.nio.ch.Net.connect(Net.java:482) ~[?:?]
	at sun.nio.ch.Net.connect(Net.java:474) ~[?:?]
	at sun.nio.ch.SocketChannelImpl.connect(SocketChannelImpl.java:694) ~[?:?]
	at io.netty.channel.socket.nio.NioSocketChannel.doConnect(NioSocketChannel.java:331) ~[browsermob-dist-2.1.4.jar:?]
	at io.netty.channel.nio.AbstractNioChannel$AbstractNioUnsafe.connect(AbstractNioChannel.java:254) [browsermob-dist-2.1.4.jar:?]
	at io.netty.channel.DefaultChannelPipeline$HeadContext.connect(DefaultChannelPipeline.java:1266) [browsermob-dist-2.1.4.jar:?]
	at io.netty.channel.AbstractChannelHandlerContext.invokeConnect(AbstractChannelHandlerContext.java:556) [browsermob-dist-2.1.4.jar:?]
	at io.netty.channel.AbstractChannelHandlerContext.connect(AbstractChannelHandlerContext.java:541) [browsermob-dist-2.1.4.jar:?]
	at io.netty.channel.ChannelOutboundHandlerAdapter.connect(ChannelOutboundHandlerAdapter.java:47) [browsermob-dist-2.1.4.jar:?]
	at io.netty.channel.AbstractChannelHandlerContext.invokeConnect(AbstractChannelHandlerContext.java:556) [browsermob-dist-2.1.4.jar:?]
	at io.netty.channel.AbstractChannelHandlerContext.connect(AbstractChannelHandlerContext.java:541) [browsermob-dist-2.1.4.jar:?]
	at io.netty.channel.ChannelOutboundHandlerAdapter.connect(ChannelOutboundHandlerAdapter.java:47) [browsermob-dist-2.1.4.jar:?]
	at io.netty.channel.AbstractChannelHandlerContext.invokeConnect(AbstractChannelHandlerContext.java:556) [browsermob-dist-2.1.4.jar:?]
	at io.netty.channel.AbstractChannelHandlerContext.connect(AbstractChannelHandlerContext.java:541) [browsermob-dist-2.1.4.jar:?]
	at io.netty.channel.ChannelOutboundHandlerAdapter.connect(ChannelOutboundHandlerAdapter.java:47) [browsermob-dist-2.1.4.jar:?]
	at io.netty.channel.AbstractChannelHandlerContext.invokeConnect(AbstractChannelHandlerContext.java:556) [browsermob-dist-2.1.4.jar:?]
	at io.netty.channel.AbstractChannelHandlerContext.connect(AbstractChannelHandlerContext.java:541) [browsermob-dist-2.1.4.jar:?]
	at io.netty.channel.ChannelDuplexHandler.connect(ChannelDuplexHandler.java:50) [browsermob-dist-2.1.4.jar:?]
	at io.netty.channel.AbstractChannelHandlerContext.invokeConnect(AbstractChannelHandlerContext.java:556) [browsermob-dist-2.1.4.jar:?]
	at io.netty.channel.AbstractChannelHandlerContext.connect(AbstractChannelHandlerContext.java:541) [browsermob-dist-2.1.4.jar:?]
	at io.netty.channel.AbstractChannelHandlerContext.connect(AbstractChannelHandlerContext.java:523) [browsermob-dist-2.1.4.jar:?]
	at io.netty.channel.DefaultChannelPipeline.connect(DefaultChannelPipeline.java:985) [browsermob-dist-2.1.4.jar:?]
	at io.netty.channel.AbstractChannel.connect(AbstractChannel.java:255) [browsermob-dist-2.1.4.jar:?]
	at io.netty.bootstrap.Bootstrap$3.run(Bootstrap.java:252) [browsermob-dist-2.1.4.jar:?]
	at io.netty.util.concurrent.AbstractEventExecutor.safeExecute(AbstractEventExecutor.java:163) [browsermob-dist-2.1.4.jar:?]
	at io.netty.util.concurrent.SingleThreadEventExecutor.runAllTasks(SingleThreadEventExecutor.java:418) [browsermob-dist-2.1.4.jar:?]
	at io.netty.channel.nio.NioEventLoop.run(NioEventLoop.java:454) [browsermob-dist-2.1.4.jar:?]
	at io.netty.util.concurrent.SingleThreadEventExecutor$5.run(SingleThreadEventExecutor.java:873) [browsermob-dist-2.1.4.jar:?]
	at java.lang.Thread.run(Thread.java:834) [?:?]

[INFO  2019-12-10T10:08:51,301 org.littleshoot.proxy.impl.ProxyToServerConnection] (LittleProxy-2-ProxyToServerWorker-3) (CONNECTING) [id: 0xb1e71627]: Connection to upstream server failed io.netty.channel.AbstractChannel$AnnotatedSocketException: Network is unreachable: edge-chat.facebook.com/31.13.90.2:443
	at sun.nio.ch.Net.connect0(Native Method) ~[?:?]
	at sun.nio.ch.Net.connect(Net.java:482) ~[?:?]
	at sun.nio.ch.Net.connect(Net.java:474) ~[?:?]
	at sun.nio.ch.SocketChannelImpl.connect(SocketChannelImpl.java:694) ~[?:?]
	at io.netty.channel.socket.nio.NioSocketChannel.doConnect(NioSocketChannel.java:331) ~[browsermob-dist-2.1.4.jar:?]
	at io.netty.channel.nio.AbstractNioChannel$AbstractNioUnsafe.connect(AbstractNioChannel.java:254) [browsermob-dist-2.1.4.jar:?]
	at io.netty.channel.DefaultChannelPipeline$HeadContext.connect(DefaultChannelPipeline.java:1266) [browsermob-dist-2.1.4.jar:?]
	at io.netty.channel.AbstractChannelHandlerContext.invokeConnect(AbstractChannelHandlerContext.java:556) [browsermob-dist-2.1.4.jar:?]
	at io.netty.channel.AbstractChannelHandlerContext.connect(AbstractChannelHandlerContext.java:541) [browsermob-dist-2.1.4.jar:?]
	at io.netty.channel.ChannelOutboundHandlerAdapter.connect(ChannelOutboundHandlerAdapter.java:47) [browsermob-dist-2.1.4.jar:?]
	at io.netty.channel.AbstractChannelHandlerContext.invokeConnect(AbstractChannelHandlerContext.java:556) [browsermob-dist-2.1.4.jar:?]
	at io.netty.channel.AbstractChannelHandlerContext.connect(AbstractChannelHandlerContext.java:541) [browsermob-dist-2.1.4.jar:?]
	at io.netty.channel.ChannelOutboundHandlerAdapter.connect(ChannelOutboundHandlerAdapter.java:47) [browsermob-dist-2.1.4.jar:?]
	at io.netty.channel.AbstractChannelHandlerContext.invokeConnect(AbstractChannelHandlerContext.java:556) [browsermob-dist-2.1.4.jar:?]
	at io.netty.channel.AbstractChannelHandlerContext.connect(AbstractChannelHandlerContext.java:541) [browsermob-dist-2.1.4.jar:?]
	at io.netty.channel.ChannelOutboundHandlerAdapter.connect(ChannelOutboundHandlerAdapter.java:47) [browsermob-dist-2.1.4.jar:?]
	at io.netty.channel.AbstractChannelHandlerContext.invokeConnect(AbstractChannelHandlerContext.java:556) [browsermob-dist-2.1.4.jar:?]
	at io.netty.channel.AbstractChannelHandlerContext.connect(AbstractChannelHandlerContext.java:541) [browsermob-dist-2.1.4.jar:?]
	at io.netty.channel.ChannelDuplexHandler.connect(ChannelDuplexHandler.java:50) [browsermob-dist-2.1.4.jar:?]
	at io.netty.channel.AbstractChannelHandlerContext.invokeConnect(AbstractChannelHandlerContext.java:556) [browsermob-dist-2.1.4.jar:?]
	at io.netty.channel.AbstractChannelHandlerContext.connect(AbstractChannelHandlerContext.java:541) [browsermob-dist-2.1.4.jar:?]
	at io.netty.channel.AbstractChannelHandlerContext.connect(AbstractChannelHandlerContext.java:523) [browsermob-dist-2.1.4.jar:?]
	at io.netty.channel.DefaultChannelPipeline.connect(DefaultChannelPipeline.java:985) [browsermob-dist-2.1.4.jar:?]
	at io.netty.channel.AbstractChannel.connect(AbstractChannel.java:255) [browsermob-dist-2.1.4.jar:?]
	at io.netty.bootstrap.Bootstrap$3.run(Bootstrap.java:252) [browsermob-dist-2.1.4.jar:?]
	at io.netty.util.concurrent.AbstractEventExecutor.safeExecute(AbstractEventExecutor.java:163) [browsermob-dist-2.1.4.jar:?]
	at io.netty.util.concurrent.SingleThreadEventExecutor.runAllTasks(SingleThreadEventExecutor.java:418) [browsermob-dist-2.1.4.jar:?]
	at io.netty.channel.nio.NioEventLoop.run(NioEventLoop.java:454) [browsermob-dist-2.1.4.jar:?]
	at io.netty.util.concurrent.SingleThreadEventExecutor$5.run(SingleThreadEventExecutor.java:873) [browsermob-dist-2.1.4.jar:?]
	at java.lang.Thread.run(Thread.java:834) [?:?]

[INFO  2019-12-10T10:08:51,307 org.littleshoot.proxy.impl.ProxyToServerConnection] (LittleProxy-2-ProxyToServerWorker-4) (CONNECTING) [id: 0xf450dd3c]: Connection to upstream server failed io.netty.channel.AbstractChannel$AnnotatedSocketException: Network is unreachable: edge-chat.facebook.com/31.13.90.2:443
	at sun.nio.ch.Net.connect0(Native Method) ~[?:?]
	at sun.nio.ch.Net.connect(Net.java:482) ~[?:?]
	at sun.nio.ch.Net.connect(Net.java:474) ~[?:?]
	at sun.nio.ch.SocketChannelImpl.connect(SocketChannelImpl.java:694) ~[?:?]
	at io.netty.channel.socket.nio.NioSocketChannel.doConnect(NioSocketChannel.java:331) ~[browsermob-dist-2.1.4.jar:?]
	at io.netty.channel.nio.AbstractNioChannel$AbstractNioUnsafe.connect(AbstractNioChannel.java:254) [browsermob-dist-2.1.4.jar:?]
	at io.netty.channel.DefaultChannelPipeline$HeadContext.connect(DefaultChannelPipeline.java:1266) [browsermob-dist-2.1.4.jar:?]
	at io.netty.channel.AbstractChannelHandlerContext.invokeConnect(AbstractChannelHandlerContext.java:556) [browsermob-dist-2.1.4.jar:?]
	at io.netty.channel.AbstractChannelHandlerContext.connect(AbstractChannelHandlerContext.java:541) [browsermob-dist-2.1.4.jar:?]
	at io.netty.channel.ChannelOutboundHandlerAdapter.connect(ChannelOutboundHandlerAdapter.java:47) [browsermob-dist-2.1.4.jar:?]
	at io.netty.channel.AbstractChannelHandlerContext.invokeConnect(AbstractChannelHandlerContext.java:556) [browsermob-dist-2.1.4.jar:?]
	at io.netty.channel.AbstractChannelHandlerContext.connect(AbstractChannelHandlerContext.java:541) [browsermob-dist-2.1.4.jar:?]
	at io.netty.channel.ChannelOutboundHandlerAdapter.connect(ChannelOutboundHandlerAdapter.java:47) [browsermob-dist-2.1.4.jar:?]
	at io.netty.channel.AbstractChannelHandlerContext.invokeConnect(AbstractChannelHandlerContext.java:556) [browsermob-dist-2.1.4.jar:?]
	at io.netty.channel.AbstractChannelHandlerContext.connect(AbstractChannelHandlerContext.java:541) [browsermob-dist-2.1.4.jar:?]
	at io.netty.channel.ChannelOutboundHandlerAdapter.connect(ChannelOutboundHandlerAdapter.java:47) [browsermob-dist-2.1.4.jar:?]
	at io.netty.channel.AbstractChannelHandlerContext.invokeConnect(AbstractChannelHandlerContext.java:556) [browsermob-dist-2.1.4.jar:?]
	at io.netty.channel.AbstractChannelHandlerContext.connect(AbstractChannelHandlerContext.java:541) [browsermob-dist-2.1.4.jar:?]
	at io.netty.channel.ChannelDuplexHandler.connect(ChannelDuplexHandler.java:50) [browsermob-dist-2.1.4.jar:?]
	at io.netty.channel.AbstractChannelHandlerContext.invokeConnect(AbstractChannelHandlerContext.java:556) [browsermob-dist-2.1.4.jar:?]
	at io.netty.channel.AbstractChannelHandlerContext.connect(AbstractChannelHandlerContext.java:541) [browsermob-dist-2.1.4.jar:?]
	at io.netty.channel.AbstractChannelHandlerContext.connect(AbstractChannelHandlerContext.java:523) [browsermob-dist-2.1.4.jar:?]
	at io.netty.channel.DefaultChannelPipeline.connect(DefaultChannelPipeline.java:985) [browsermob-dist-2.1.4.jar:?]
	at io.netty.channel.AbstractChannel.connect(AbstractChannel.java:255) [browsermob-dist-2.1.4.jar:?]
	at io.netty.bootstrap.Bootstrap$3.run(Bootstrap.java:252) [browsermob-dist-2.1.4.jar:?]
	at io.netty.util.concurrent.AbstractEventExecutor.safeExecute(AbstractEventExecutor.java:163) [browsermob-dist-2.1.4.jar:?]
	at io.netty.util.concurrent.SingleThreadEventExecutor.runAllTasks(SingleThreadEventExecutor.java:418) [browsermob-dist-2.1.4.jar:?]
	at io.netty.channel.nio.NioEventLoop.run(NioEventLoop.java:454) [browsermob-dist-2.1.4.jar:?]
	at io.netty.util.concurrent.SingleThreadEventExecutor$5.run(SingleThreadEventExecutor.java:873) [browsermob-dist-2.1.4.jar:?]
	at java.lang.Thread.run(Thread.java:834) [?:?]

[INFO  2019-12-10T10:08:51,335 org.littleshoot.proxy.impl.ProxyToServerConnection] (LittleProxy-2-ProxyToServerWorker-5) (CONNECTING) [id: 0xa425bd7e]: Connection to upstream server failed io.netty.channel.AbstractChannel$AnnotatedSocketException: Network is unreachable: edge-chat.facebook.com/31.13.90.2:443
	at sun.nio.ch.Net.connect0(Native Method) ~[?:?]
	at sun.nio.ch.Net.connect(Net.java:482) ~[?:?]
	at sun.nio.ch.Net.connect(Net.java:474) ~[?:?]
	at sun.nio.ch.SocketChannelImpl.connect(SocketChannelImpl.java:694) ~[?:?]
	at io.netty.channel.socket.nio.NioSocketChannel.doConnect(NioSocketChannel.java:331) ~[browsermob-dist-2.1.4.jar:?]
	at io.netty.channel.nio.AbstractNioChannel$AbstractNioUnsafe.connect(AbstractNioChannel.java:254) [browsermob-dist-2.1.4.jar:?]
	at io.netty.channel.DefaultChannelPipeline$HeadContext.connect(DefaultChannelPipeline.java:1266) [browsermob-dist-2.1.4.jar:?]
	at io.netty.channel.AbstractChannelHandlerContext.invokeConnect(AbstractChannelHandlerContext.java:556) [browsermob-dist-2.1.4.jar:?]
	at io.netty.channel.AbstractChannelHandlerContext.connect(AbstractChannelHandlerContext.java:541) [browsermob-dist-2.1.4.jar:?]
	at io.netty.channel.ChannelOutboundHandlerAdapter.connect(ChannelOutboundHandlerAdapter.java:47) [browsermob-dist-2.1.4.jar:?]
	at io.netty.channel.AbstractChannelHandlerContext.invokeConnect(AbstractChannelHandlerContext.java:556) [browsermob-dist-2.1.4.jar:?]
	at io.netty.channel.AbstractChannelHandlerContext.connect(AbstractChannelHandlerContext.java:541) [browsermob-dist-2.1.4.jar:?]
	at io.netty.channel.ChannelOutboundHandlerAdapter.connect(ChannelOutboundHandlerAdapter.java:47) [browsermob-dist-2.1.4.jar:?]
	at io.netty.channel.AbstractChannelHandlerContext.invokeConnect(AbstractChannelHandlerContext.java:556) [browsermob-dist-2.1.4.jar:?]
	at io.netty.channel.AbstractChannelHandlerContext.connect(AbstractChannelHandlerContext.java:541) [browsermob-dist-2.1.4.jar:?]
	at io.netty.channel.ChannelOutboundHandlerAdapter.connect(ChannelOutboundHandlerAdapter.java:47) [browsermob-dist-2.1.4.jar:?]
	at io.netty.channel.AbstractChannelHandlerContext.invokeConnect(AbstractChannelHandlerContext.java:556) [browsermob-dist-2.1.4.jar:?]
	at io.netty.channel.AbstractChannelHandlerContext.connect(AbstractChannelHandlerContext.java:541) [browsermob-dist-2.1.4.jar:?]
	at io.netty.channel.ChannelDuplexHandler.connect(ChannelDuplexHandler.java:50) [browsermob-dist-2.1.4.jar:?]
	at io.netty.channel.AbstractChannelHandlerContext.invokeConnect(AbstractChannelHandlerContext.java:556) [browsermob-dist-2.1.4.jar:?]
	at io.netty.channel.AbstractChannelHandlerContext.connect(AbstractChannelHandlerContext.java:541) [browsermob-dist-2.1.4.jar:?]
	at io.netty.channel.AbstractChannelHandlerContext.connect(AbstractChannelHandlerContext.java:523) [browsermob-dist-2.1.4.jar:?]
	at io.netty.channel.DefaultChannelPipeline.connect(DefaultChannelPipeline.java:985) [browsermob-dist-2.1.4.jar:?]
	at io.netty.channel.AbstractChannel.connect(AbstractChannel.java:255) [browsermob-dist-2.1.4.jar:?]
	at io.netty.bootstrap.Bootstrap$3.run(Bootstrap.java:252) [browsermob-dist-2.1.4.jar:?]
	at io.netty.util.concurrent.AbstractEventExecutor.safeExecute(AbstractEventExecutor.java:163) [browsermob-dist-2.1.4.jar:?]
	at io.netty.util.concurrent.SingleThreadEventExecutor.runAllTasks(SingleThreadEventExecutor.java:418) [browsermob-dist-2.1.4.jar:?]
	at io.netty.channel.nio.NioEventLoop.run(NioEventLoop.java:454) [browsermob-dist-2.1.4.jar:?]
	at io.netty.util.concurrent.SingleThreadEventExecutor$5.run(SingleThreadEventExecutor.java:873) [browsermob-dist-2.1.4.jar:?]
	at java.lang.Thread.run(Thread.java:834) [?:?]

[INFO  2019-12-10T10:08:53,651 org.littleshoot.proxy.impl.ProxyToServerConnection] (LittleProxy-2-ProxyToServerWorker-6) (CONNECTING) [id: 0x2c68977c]: Connection to upstream server failed io.netty.channel.AbstractChannel$AnnotatedSocketException: Network is unreachable: edge-chat.facebook.com/31.13.90.2:443
	at sun.nio.ch.Net.connect0(Native Method) ~[?:?]
	at sun.nio.ch.Net.connect(Net.java:482) ~[?:?]
	at sun.nio.ch.Net.connect(Net.java:474) ~[?:?]
	at sun.nio.ch.SocketChannelImpl.connect(SocketChannelImpl.java:694) ~[?:?]
	at io.netty.channel.socket.nio.NioSocketChannel.doConnect(NioSocketChannel.java:331) ~[browsermob-dist-2.1.4.jar:?]
	at io.netty.channel.nio.AbstractNioChannel$AbstractNioUnsafe.connect(AbstractNioChannel.java:254) [browsermob-dist-2.1.4.jar:?]
	at io.netty.channel.DefaultChannelPipeline$HeadContext.connect(DefaultChannelPipeline.java:1266) [browsermob-dist-2.1.4.jar:?]
	at io.netty.channel.AbstractChannelHandlerContext.invokeConnect(AbstractChannelHandlerContext.java:556) [browsermob-dist-2.1.4.jar:?]
	at io.netty.channel.AbstractChannelHandlerContext.connect(AbstractChannelHandlerContext.java:541) [browsermob-dist-2.1.4.jar:?]
	at io.netty.channel.ChannelOutboundHandlerAdapter.connect(ChannelOutboundHandlerAdapter.java:47) [browsermob-dist-2.1.4.jar:?]
	at io.netty.channel.AbstractChannelHandlerContext.invokeConnect(AbstractChannelHandlerContext.java:556) [browsermob-dist-2.1.4.jar:?]
	at io.netty.channel.AbstractChannelHandlerContext.connect(AbstractChannelHandlerContext.java:541) [browsermob-dist-2.1.4.jar:?]
	at io.netty.channel.ChannelOutboundHandlerAdapter.connect(ChannelOutboundHandlerAdapter.java:47) [browsermob-dist-2.1.4.jar:?]
	at io.netty.channel.AbstractChannelHandlerContext.invokeConnect(AbstractChannelHandlerContext.java:556) [browsermob-dist-2.1.4.jar:?]
	at io.netty.channel.AbstractChannelHandlerContext.connect(AbstractChannelHandlerContext.java:541) [browsermob-dist-2.1.4.jar:?]
	at io.netty.channel.ChannelOutboundHandlerAdapter.connect(ChannelOutboundHandlerAdapter.java:47) [browsermob-dist-2.1.4.jar:?]
	at io.netty.channel.AbstractChannelHandlerContext.invokeConnect(AbstractChannelHandlerContext.java:556) [browsermob-dist-2.1.4.jar:?]
	at io.netty.channel.AbstractChannelHandlerContext.connect(AbstractChannelHandlerContext.java:541) [browsermob-dist-2.1.4.jar:?]
	at io.netty.channel.ChannelDuplexHandler.connect(ChannelDuplexHandler.java:50) [browsermob-dist-2.1.4.jar:?]
	at io.netty.channel.AbstractChannelHandlerContext.invokeConnect(AbstractChannelHandlerContext.java:556) [browsermob-dist-2.1.4.jar:?]
	at io.netty.channel.AbstractChannelHandlerContext.connect(AbstractChannelHandlerContext.java:541) [browsermob-dist-2.1.4.jar:?]
	at io.netty.channel.AbstractChannelHandlerContext.connect(AbstractChannelHandlerContext.java:523) [browsermob-dist-2.1.4.jar:?]
	at io.netty.channel.DefaultChannelPipeline.connect(DefaultChannelPipeline.java:985) [browsermob-dist-2.1.4.jar:?]
	at io.netty.channel.AbstractChannel.connect(AbstractChannel.java:255) [browsermob-dist-2.1.4.jar:?]
	at io.netty.bootstrap.Bootstrap$3.run(Bootstrap.java:252) [browsermob-dist-2.1.4.jar:?]
	at io.netty.util.concurrent.AbstractEventExecutor.safeExecute(AbstractEventExecutor.java:163) [browsermob-dist-2.1.4.jar:?]
	at io.netty.util.concurrent.SingleThreadEventExecutor.runAllTasks(SingleThreadEventExecutor.java:418) [browsermob-dist-2.1.4.jar:?]
	at io.netty.channel.nio.NioEventLoop.run(NioEventLoop.java:454) [browsermob-dist-2.1.4.jar:?]
	at io.netty.util.concurrent.SingleThreadEventExecutor$5.run(SingleThreadEventExecutor.java:873) [browsermob-dist-2.1.4.jar:?]
	at java.lang.Thread.run(Thread.java:834) [?:?]

[INFO  2019-12-10T11:30:59,056 org.littleshoot.proxy.impl.ProxyToServerConnection] (LittleProxy-2-ProxyToServerWorker-7) (CONNECTING) [id: 0x8cadd6c3]: Connection to upstream server failed io.netty.channel.AbstractChannel$AnnotatedSocketException: Network is unreachable: edge-chat.facebook.com/31.13.90.2:443
	at sun.nio.ch.Net.connect0(Native Method) ~[?:?]
	at sun.nio.ch.Net.connect(Net.java:482) ~[?:?]
	at sun.nio.ch.Net.connect(Net.java:474) ~[?:?]
	at sun.nio.ch.SocketChannelImpl.connect(SocketChannelImpl.java:694) ~[?:?]
	at io.netty.channel.socket.nio.NioSocketChannel.doConnect(NioSocketChannel.java:331) ~[browsermob-dist-2.1.4.jar:?]
	at io.netty.channel.nio.AbstractNioChannel$AbstractNioUnsafe.connect(AbstractNioChannel.java:254) [browsermob-dist-2.1.4.jar:?]
	at io.netty.channel.DefaultChannelPipeline$HeadContext.connect(DefaultChannelPipeline.java:1266) [browsermob-dist-2.1.4.jar:?]
	at io.netty.channel.AbstractChannelHandlerContext.invokeConnect(AbstractChannelHandlerContext.java:556) [browsermob-dist-2.1.4.jar:?]
	at io.netty.channel.AbstractChannelHandlerContext.connect(AbstractChannelHandlerContext.java:541) [browsermob-dist-2.1.4.jar:?]
	at io.netty.channel.ChannelOutboundHandlerAdapter.connect(ChannelOutboundHandlerAdapter.java:47) [browsermob-dist-2.1.4.jar:?]
	at io.netty.channel.AbstractChannelHandlerContext.invokeConnect(AbstractChannelHandlerContext.java:556) [browsermob-dist-2.1.4.jar:?]
	at io.netty.channel.AbstractChannelHandlerContext.connect(AbstractChannelHandlerContext.java:541) [browsermob-dist-2.1.4.jar:?]
	at io.netty.channel.ChannelOutboundHandlerAdapter.connect(ChannelOutboundHandlerAdapter.java:47) [browsermob-dist-2.1.4.jar:?]
	at io.netty.channel.AbstractChannelHandlerContext.invokeConnect(AbstractChannelHandlerContext.java:556) [browsermob-dist-2.1.4.jar:?]
	at io.netty.channel.AbstractChannelHandlerContext.connect(AbstractChannelHandlerContext.java:541) [browsermob-dist-2.1.4.jar:?]
	at io.netty.channel.ChannelOutboundHandlerAdapter.connect(ChannelOutboundHandlerAdapter.java:47) [browsermob-dist-2.1.4.jar:?]
	at io.netty.channel.AbstractChannelHandlerContext.invokeConnect(AbstractChannelHandlerContext.java:556) [browsermob-dist-2.1.4.jar:?]
	at io.netty.channel.AbstractChannelHandlerContext.connect(AbstractChannelHandlerContext.java:541) [browsermob-dist-2.1.4.jar:?]
	at io.netty.channel.ChannelDuplexHandler.connect(ChannelDuplexHandler.java:50) [browsermob-dist-2.1.4.jar:?]
	at io.netty.channel.AbstractChannelHandlerContext.invokeConnect(AbstractChannelHandlerContext.java:556) [browsermob-dist-2.1.4.jar:?]
	at io.netty.channel.AbstractChannelHandlerContext.connect(AbstractChannelHandlerContext.java:541) [browsermob-dist-2.1.4.jar:?]
	at io.netty.channel.AbstractChannelHandlerContext.connect(AbstractChannelHandlerContext.java:523) [browsermob-dist-2.1.4.jar:?]
	at io.netty.channel.DefaultChannelPipeline.connect(DefaultChannelPipeline.java:985) [browsermob-dist-2.1.4.jar:?]
	at io.netty.channel.AbstractChannel.connect(AbstractChannel.java:255) [browsermob-dist-2.1.4.jar:?]
	at io.netty.bootstrap.Bootstrap$3.run(Bootstrap.java:252) [browsermob-dist-2.1.4.jar:?]
	at io.netty.util.concurrent.AbstractEventExecutor.safeExecute(AbstractEventExecutor.java:163) [browsermob-dist-2.1.4.jar:?]
	at io.netty.util.concurrent.SingleThreadEventExecutor.runAllTasks(SingleThreadEventExecutor.java:418) [browsermob-dist-2.1.4.jar:?]
	at io.netty.channel.nio.NioEventLoop.run(NioEventLoop.java:454) [browsermob-dist-2.1.4.jar:?]
	at io.netty.util.concurrent.SingleThreadEventExecutor$5.run(SingleThreadEventExecutor.java:873) [browsermob-dist-2.1.4.jar:?]
	at java.lang.Thread.run(Thread.java:834) [?:?]

[INFO  2019-12-10T11:30:59,099 org.littleshoot.proxy.impl.ClientToProxyConnection] (LittleProxy-2-ClientToProxyWorker-2) (AWAITING_INITIAL) [id: 0xb67e7956, L:/0:0:0:0:0:0:0:1:8083 - R:/0:0:0:0:0:0:0:1:59894]: Bad Host www.facebook.com:443 
[INFO  2019-12-10T11:30:59,104 org.littleshoot.proxy.impl.ProxyToServerConnection] (LittleProxy-2-ProxyToServerWorker-0) (CONNECTING) [id: 0xd1efb1e3]: Connection to upstream server failed io.netty.channel.AbstractChannel$AnnotatedSocketException: Network is unreachable: edge-chat.facebook.com/31.13.90.2:443
	at sun.nio.ch.Net.connect0(Native Method) ~[?:?]
	at sun.nio.ch.Net.connect(Net.java:482) ~[?:?]
	at sun.nio.ch.Net.connect(Net.java:474) ~[?:?]
	at sun.nio.ch.SocketChannelImpl.connect(SocketChannelImpl.java:694) ~[?:?]
	at io.netty.channel.socket.nio.NioSocketChannel.doConnect(NioSocketChannel.java:331) ~[browsermob-dist-2.1.4.jar:?]
	at io.netty.channel.nio.AbstractNioChannel$AbstractNioUnsafe.connect(AbstractNioChannel.java:254) [browsermob-dist-2.1.4.jar:?]
	at io.netty.channel.DefaultChannelPipeline$HeadContext.connect(DefaultChannelPipeline.java:1266) [browsermob-dist-2.1.4.jar:?]
	at io.netty.channel.AbstractChannelHandlerContext.invokeConnect(AbstractChannelHandlerContext.java:556) [browsermob-dist-2.1.4.jar:?]
	at io.netty.channel.AbstractChannelHandlerContext.connect(AbstractChannelHandlerContext.java:541) [browsermob-dist-2.1.4.jar:?]
	at io.netty.channel.ChannelOutboundHandlerAdapter.connect(ChannelOutboundHandlerAdapter.java:47) [browsermob-dist-2.1.4.jar:?]
	at io.netty.channel.AbstractChannelHandlerContext.invokeConnect(AbstractChannelHandlerContext.java:556) [browsermob-dist-2.1.4.jar:?]
	at io.netty.channel.AbstractChannelHandlerContext.connect(AbstractChannelHandlerContext.java:541) [browsermob-dist-2.1.4.jar:?]
	at io.netty.channel.ChannelOutboundHandlerAdapter.connect(ChannelOutboundHandlerAdapter.java:47) [browsermob-dist-2.1.4.jar:?]
	at io.netty.channel.AbstractChannelHandlerContext.invokeConnect(AbstractChannelHandlerContext.java:556) [browsermob-dist-2.1.4.jar:?]
	at io.netty.channel.AbstractChannelHandlerContext.connect(AbstractChannelHandlerContext.java:541) [browsermob-dist-2.1.4.jar:?]
	at io.netty.channel.ChannelOutboundHandlerAdapter.connect(ChannelOutboundHandlerAdapter.java:47) [browsermob-dist-2.1.4.jar:?]
	at io.netty.channel.AbstractChannelHandlerContext.invokeConnect(AbstractChannelHandlerContext.java:556) [browsermob-dist-2.1.4.jar:?]
	at io.netty.channel.AbstractChannelHandlerContext.connect(AbstractChannelHandlerContext.java:541) [browsermob-dist-2.1.4.jar:?]
	at io.netty.channel.ChannelDuplexHandler.connect(ChannelDuplexHandler.java:50) [browsermob-dist-2.1.4.jar:?]
	at io.netty.channel.AbstractChannelHandlerContext.invokeConnect(AbstractChannelHandlerContext.java:556) [browsermob-dist-2.1.4.jar:?]
	at io.netty.channel.AbstractChannelHandlerContext.connect(AbstractChannelHandlerContext.java:541) [browsermob-dist-2.1.4.jar:?]
	at io.netty.channel.AbstractChannelHandlerContext.connect(AbstractChannelHandlerContext.java:523) [browsermob-dist-2.1.4.jar:?]
	at io.netty.channel.DefaultChannelPipeline.connect(DefaultChannelPipeline.java:985) [browsermob-dist-2.1.4.jar:?]
	at io.netty.channel.AbstractChannel.connect(AbstractChannel.java:255) [browsermob-dist-2.1.4.jar:?]
	at io.netty.bootstrap.Bootstrap$3.run(Bootstrap.java:252) [browsermob-dist-2.1.4.jar:?]
	at io.netty.util.concurrent.AbstractEventExecutor.safeExecute(AbstractEventExecutor.java:163) [browsermob-dist-2.1.4.jar:?]
	at io.netty.util.concurrent.SingleThreadEventExecutor.runAllTasks(SingleThreadEventExecutor.java:418) [browsermob-dist-2.1.4.jar:?]
	at io.netty.channel.nio.NioEventLoop.run(NioEventLoop.java:454) [browsermob-dist-2.1.4.jar:?]
	at io.netty.util.concurrent.SingleThreadEventExecutor$5.run(SingleThreadEventExecutor.java:873) [browsermob-dist-2.1.4.jar:?]
	at java.lang.Thread.run(Thread.java:834) [?:?]

[INFO  2019-12-10T11:30:59,363 org.littleshoot.proxy.impl.ProxyToServerConnection] (LittleProxy-2-ProxyToServerWorker-2) (HANDSHAKING) [id: 0x6fa065a1, L:0.0.0.0/0.0.0.0:41526]: Connection to upstream server failed javax.net.ssl.SSLException: handshake timed out
	at io.netty.handler.ssl.SslHandler.handshake(...)(Unknown Source) ~[browsermob-dist-2.1.4.jar:?]

[INFO  2019-12-10T11:31:02,510 org.littleshoot.proxy.impl.ProxyToServerConnection] (LittleProxy-2-ProxyToServerWorker-1) (CONNECTING) [id: 0x82a89a9a]: Connection to upstream server failed io.netty.channel.AbstractChannel$AnnotatedSocketException: Network is unreachable: edge-chat.facebook.com/31.13.90.2:443
	at sun.nio.ch.Net.connect0(Native Method) ~[?:?]
	at sun.nio.ch.Net.connect(Net.java:482) ~[?:?]
	at sun.nio.ch.Net.connect(Net.java:474) ~[?:?]
	at sun.nio.ch.SocketChannelImpl.connect(SocketChannelImpl.java:694) ~[?:?]
	at io.netty.channel.socket.nio.NioSocketChannel.doConnect(NioSocketChannel.java:331) ~[browsermob-dist-2.1.4.jar:?]
	at io.netty.channel.nio.AbstractNioChannel$AbstractNioUnsafe.connect(AbstractNioChannel.java:254) [browsermob-dist-2.1.4.jar:?]
	at io.netty.channel.DefaultChannelPipeline$HeadContext.connect(DefaultChannelPipeline.java:1266) [browsermob-dist-2.1.4.jar:?]
	at io.netty.channel.AbstractChannelHandlerContext.invokeConnect(AbstractChannelHandlerContext.java:556) [browsermob-dist-2.1.4.jar:?]
	at io.netty.channel.AbstractChannelHandlerContext.connect(AbstractChannelHandlerContext.java:541) [browsermob-dist-2.1.4.jar:?]
	at io.netty.channel.ChannelOutboundHandlerAdapter.connect(ChannelOutboundHandlerAdapter.java:47) [browsermob-dist-2.1.4.jar:?]
	at io.netty.channel.AbstractChannelHandlerContext.invokeConnect(AbstractChannelHandlerContext.java:556) [browsermob-dist-2.1.4.jar:?]
	at io.netty.channel.AbstractChannelHandlerContext.connect(AbstractChannelHandlerContext.java:541) [browsermob-dist-2.1.4.jar:?]
	at io.netty.channel.ChannelOutboundHandlerAdapter.connect(ChannelOutboundHandlerAdapter.java:47) [browsermob-dist-2.1.4.jar:?]
	at io.netty.channel.AbstractChannelHandlerContext.invokeConnect(AbstractChannelHandlerContext.java:556) [browsermob-dist-2.1.4.jar:?]
	at io.netty.channel.AbstractChannelHandlerContext.connect(AbstractChannelHandlerContext.java:541) [browsermob-dist-2.1.4.jar:?]
	at io.netty.channel.ChannelOutboundHandlerAdapter.connect(ChannelOutboundHandlerAdapter.java:47) [browsermob-dist-2.1.4.jar:?]
	at io.netty.channel.AbstractChannelHandlerContext.invokeConnect(AbstractChannelHandlerContext.java:556) [browsermob-dist-2.1.4.jar:?]
	at io.netty.channel.AbstractChannelHandlerContext.connect(AbstractChannelHandlerContext.java:541) [browsermob-dist-2.1.4.jar:?]
	at io.netty.channel.ChannelDuplexHandler.connect(ChannelDuplexHandler.java:50) [browsermob-dist-2.1.4.jar:?]
	at io.netty.channel.AbstractChannelHandlerContext.invokeConnect(AbstractChannelHandlerContext.java:556) [browsermob-dist-2.1.4.jar:?]
	at io.netty.channel.AbstractChannelHandlerContext.connect(AbstractChannelHandlerContext.java:541) [browsermob-dist-2.1.4.jar:?]
	at io.netty.channel.AbstractChannelHandlerContext.connect(AbstractChannelHandlerContext.java:523) [browsermob-dist-2.1.4.jar:?]
	at io.netty.channel.DefaultChannelPipeline.connect(DefaultChannelPipeline.java:985) [browsermob-dist-2.1.4.jar:?]
	at io.netty.channel.AbstractChannel.connect(AbstractChannel.java:255) [browsermob-dist-2.1.4.jar:?]
	at io.netty.bootstrap.Bootstrap$3.run(Bootstrap.java:252) [browsermob-dist-2.1.4.jar:?]
	at io.netty.util.concurrent.AbstractEventExecutor.safeExecute(AbstractEventExecutor.java:163) [browsermob-dist-2.1.4.jar:?]
	at io.netty.util.concurrent.SingleThreadEventExecutor.runAllTasks(SingleThreadEventExecutor.java:418) [browsermob-dist-2.1.4.jar:?]
	at io.netty.channel.nio.NioEventLoop.run(NioEventLoop.java:454) [browsermob-dist-2.1.4.jar:?]
	at io.netty.util.concurrent.SingleThreadEventExecutor$5.run(SingleThreadEventExecutor.java:873) [browsermob-dist-2.1.4.jar:?]
	at java.lang.Thread.run(Thread.java:834) [?:?]

[INFO  2019-12-10T11:31:06,153 org.littleshoot.proxy.impl.ClientToProxyConnection] (LittleProxy-2-ClientToProxyWorker-5) (AWAITING_INITIAL) [id: 0x15299a83, L:/0:0:0:0:0:0:0:1:8083 - R:/0:0:0:0:0:0:0:1:59902]: Bad Host www.facebook.com:443 
[INFO  2019-12-10T11:31:08,236 org.littleshoot.proxy.impl.ClientToProxyConnection] (LittleProxy-2-ClientToProxyWorker-6) (AWAITING_INITIAL) [id: 0xc434466e, L:/0:0:0:0:0:0:0:1:8083 - R:/0:0:0:0:0:0:0:1:59910]: Bad Host www.facebook.com:443 
[INFO  2019-12-10T11:31:08,252 org.littleshoot.proxy.impl.ClientToProxyConnection] (LittleProxy-2-ClientToProxyWorker-7) (AWAITING_INITIAL) [id: 0x5b22cf27, L:/0:0:0:0:0:0:0:1:8083 - R:/0:0:0:0:0:0:0:1:59912]: Bad Host www.facebook.com:443 
[INFO  2019-12-10T11:31:08,260 org.littleshoot.proxy.impl.ClientToProxyConnection] (LittleProxy-2-ClientToProxyWorker-0) (AWAITING_INITIAL) [id: 0xdeb65b0f, L:/0:0:0:0:0:0:0:1:8083 - R:/0:0:0:0:0:0:0:1:59914]: Bad Host www.facebook.com:443 
[INFO  2019-12-10T11:31:21,193 org.littleshoot.proxy.impl.ProxyToServerConnection] (LittleProxy-2-ProxyToServerWorker-3) (HANDSHAKING) [id: 0x4f0236b2, L:0.0.0.0/0.0.0.0:43974]: Connection to upstream server failed java.nio.channels.ClosedChannelException: null
	at io.netty.handler.ssl.SslHandler.channelInactive(...)(Unknown Source) ~[browsermob-dist-2.1.4.jar:?]

